13:56:55: Creating resource group General
13:56:55: Creating resource group Internal
13:56:55: Creating resource group Autodetect
13:56:55: Registering ResourceManager for type Mesh
13:56:55: Registering ResourceManager for type Material
13:56:55: Registering ResourceManager for type Skeleton
13:56:55: XMLMeshSerializer reading mesh data from C:\Users\roudd1\Simulatorfiles\Road508_ROAD_MARKING_.mesh.xml...
13:56:55: Reading submeshes...
13:56:55: Reading geometry...
13:56:55: Geometry done...
13:56:55: Submeshes done.
13:56:55: XMLMeshSerializer import successful.
13:56:55: Reorganising vertex buffers to automatic layout..
13:56:55: MeshSerializer writing mesh data to C:\Users\roudd1\Simulatorfiles\Road508_ROAD_MARKING_.mesh...
13:56:55: File header written.
13:56:55: Writing mesh data...
13:56:55: Writing submesh...
13:56:55: Exporting submesh texture aliases...
13:56:55: Submesh texture aliases exported.
13:56:55: Submesh exported.
13:56:55: Exporting bounds information....
13:56:55: Bounds information exported.
13:56:55: Exporting submesh name table...
13:56:55: Submesh name table exported.
13:56:55: Exporting edge lists...
13:56:55: Edge lists exported
13:56:55: Mesh data exported.
13:56:55: MeshSerializer export successful.
13:56:55: Unregistering ResourceManager for type Skeleton
13:56:55: Unregistering ResourceManager for type Material
13:56:55: Unregistering ResourceManager for type Mesh
